[25-Sep-2015 01:51:12 CST6CDT] mail() on [/home/iunicorn/public_html/vtigercrm/ums_integration/Send_SMS_Notifier.php:28]: To: rahul@umstechlab.com -- Headers: 
[25-Sep-2015 01:57:59 CST6CDT] mail() on [/home/iunicorn/public_html/vtigercrm/ums_integration/Send_SMS_Notifier.php:28]: To: rahul@umstechlab.com -- Headers: 
[25-Sep-2015 02:01:20 CST6CDT] mail() on [/home/iunicorn/public_html/vtigercrm/ums_integration/Send_SMS_Notifier.php:28]: To: rahul@umstechlab.com -- Headers: 
[25-Sep-2015 07:57:02 CST6CDT] mail() on [/home/iunicorn/public_html/vtigercrm/ums_integration/update_call_history.php:8]: To: rahul@umstechlab.com -- Headers: 
[25-Sep-2015 07:58:09 CST6CDT] mail() on [/home/iunicorn/public_html/vtigercrm/ums_integration/update_call_history.php:8]: To: rahul@umstechlab.com -- Headers: 
[25-Sep-2015 08:04:35 CST6CDT] mail() on [/home/iunicorn/public_html/vtigercrm/ums_integration/update_call_history.php:13]: To: rahul@umstechlab.com -- Headers: 
[25-Sep-2015 18:34:35 Asia/Kolkata] mail() on [/home/iunicorn/public_html/vtigercrm/ums_integration/update_call_history.php:56]: To: rahul@umstechlab.com -- Headers: 
[25-Sep-2015 18:34:36 Asia/Kolkata] mail() on [/home/iunicorn/public_html/vtigercrm/ums_integration/update_call_history.php:74]: To: rahul@umstechlab.com -- Headers: 
[25-Sep-2015 08:05:38 CST6CDT] mail() on [/home/iunicorn/public_html/vtigercrm/ums_integration/update_call_history.php:13]: To: rahul@umstechlab.com -- Headers: 
[25-Sep-2015 18:35:38 Asia/Kolkata] mail() on [/home/iunicorn/public_html/vtigercrm/ums_integration/update_call_history.php:56]: To: rahul@umstechlab.com -- Headers: 
[25-Sep-2015 18:35:38 Asia/Kolkata] mail() on [/home/iunicorn/public_html/vtigercrm/ums_integration/update_call_history.php:74]: To: rahul@umstechlab.com -- Headers: 
[25-Sep-2015 08:07:10 CST6CDT] mail() on [/home/iunicorn/public_html/vtigercrm/ums_integration/Call_Generic_Webservice_for_Calling.php:32]: To: rahul@umstechlab.com -- Headers: 
[25-Sep-2015 08:07:10 CST6CDT] mail() on [/home/iunicorn/public_html/vtigercrm/ums_integration/update_call_history.php:13]: To: rahul@umstechlab.com -- Headers: 
[25-Sep-2015 18:37:10 Asia/Kolkata] mail() on [/home/iunicorn/public_html/vtigercrm/ums_integration/update_call_history.php:56]: To: rahul@umstechlab.com -- Headers: 
[25-Sep-2015 18:37:10 Asia/Kolkata] mail() on [/home/iunicorn/public_html/vtigercrm/ums_integration/update_call_history.php:74]: To: rahul@umstechlab.com -- Headers: 
[25-Sep-2015 08:11:14 CST6CDT] mail() on [/home/iunicorn/public_html/vtigercrm/ums_integration/Call_Generic_Webservice_for_Calling.php:32]: To: rahul@umstechlab.com -- Headers: 
[25-Sep-2015 08:11:42 CST6CDT] mail() on [/home/iunicorn/public_html/vtigercrm/ums_integration/update_call_history.php:13]: To: rahul@umstechlab.com -- Headers: 
[25-Sep-2015 18:41:42 Asia/Kolkata] mail() on [/home/iunicorn/public_html/vtigercrm/ums_integration/update_call_history.php:56]: To: rahul@umstechlab.com -- Headers: 
[25-Sep-2015 18:41:42 Asia/Kolkata] mail() on [/home/iunicorn/public_html/vtigercrm/ums_integration/update_call_history.php:68]: To: rahul@umstechlab.com -- Headers: 
[25-Sep-2015 18:41:42 Asia/Kolkata] mail() on [/home/iunicorn/public_html/vtigercrm/ums_integration/update_call_history.php:74]: To: rahul@umstechlab.com -- Headers: 
[25-Sep-2015 08:15:48 CST6CDT] mail() on [/home/iunicorn/public_html/vtigercrm/ums_integration/Call_Generic_Webservice_for_Calling.php:32]: To: rahul@umstechlab.com -- Headers: 
[25-Sep-2015 08:16:17 CST6CDT] mail() on [/home/iunicorn/public_html/vtigercrm/ums_integration/update_call_history.php:13]: To: rahul@umstechlab.com -- Headers: 
[25-Sep-2015 18:46:17 Asia/Kolkata] mail() on [/home/iunicorn/public_html/vtigercrm/ums_integration/update_call_history.php:56]: To: rahul@umstechlab.com -- Headers: 
[25-Sep-2015 18:46:17 Asia/Kolkata] mail() on [/home/iunicorn/public_html/vtigercrm/ums_integration/update_call_history.php:68]: To: rahul@umstechlab.com -- Headers: 
[25-Sep-2015 18:46:17 Asia/Kolkata] mail() on [/home/iunicorn/public_html/vtigercrm/ums_integration/update_call_history.php:74]: To: rahul@umstechlab.com -- Headers: 
[25-Sep-2015 08:18:55 CST6CDT] mail() on [/home/iunicorn/public_html/vtigercrm/ums_integration/Call_Generic_Webservice_for_Calling.php:32]: To: rahul@umstechlab.com -- Headers: 
[25-Sep-2015 08:19:23 CST6CDT] mail() on [/home/iunicorn/public_html/vtigercrm/ums_integration/update_call_history.php:13]: To: rahul@umstechlab.com -- Headers: 
[25-Sep-2015 18:49:23 Asia/Kolkata] mail() on [/home/iunicorn/public_html/vtigercrm/ums_integration/update_call_history.php:56]: To: rahul@umstechlab.com -- Headers: 
[25-Sep-2015 18:49:23 Asia/Kolkata] mail() on [/home/iunicorn/public_html/vtigercrm/ums_integration/update_call_history.php:68]: To: rahul@umstechlab.com -- Headers: 
[25-Sep-2015 18:49:23 Asia/Kolkata] mail() on [/home/iunicorn/public_html/vtigercrm/ums_integration/update_call_history.php:74]: To: rahul@umstechlab.com -- Headers: 
[28-Sep-2015 05:50:52 CST6CDT] mail() on [/home/iunicorn/public_html/ums_integration/Send_SMS_Notifier.php:28]: To: rahul@umstechlab.com -- Headers: 
[28-Sep-2015 05:52:59 CST6CDT] mail() on [/home/iunicorn/public_html/ums_integration/Call_Generic_Webservice_for_Calling.php:32]: To: rahul@umstechlab.com -- Headers: 
[28-Sep-2015 05:54:52 CST6CDT] mail() on [/home/iunicorn/public_html/ums_integration/Call_Generic_Webservice_for_Calling.php:32]: To: rahul@umstechlab.com -- Headers: 
[28-Sep-2015 05:58:07 CST6CDT] mail() on [/home/iunicorn/public_html/ums_integration/Call_Generic_Webservice_for_Calling.php:32]: To: rahul@umstechlab.com -- Headers: 
[28-Sep-2015 05:59:35 CST6CDT] mail() on [/home/iunicorn/public_html/ums_integration/Call_Generic_Webservice_for_Calling.php:32]: To: rahul@umstechlab.com -- Headers: 
[28-Sep-2015 06:00:04 CST6CDT] mail() on [/home/iunicorn/public_html/ums_integration/Call_Generic_Webservice_for_Calling.php:32]: To: rahul@umstechlab.com -- Headers: 
[28-Sep-2015 06:00:34 CST6CDT] mail() on [/home/iunicorn/public_html/ums_integration/Call_Generic_Webservice_for_Calling.php:32]: To: rahul@umstechlab.com -- Headers: 
[28-Sep-2015 06:03:38 CST6CDT] mail() on [/home/iunicorn/public_html/ums_integration/Call_Generic_Webservice_for_Calling.php:32]: To: rahul@umstechlab.com -- Headers: 
[28-Sep-2015 08:34:22 CST6CDT] mail() on [/home/iunicorn/public_html/ums_integration/Create_Contact_through_Source.php:30]: To: rahul@umstechlab.com -- Headers: 
[28-Sep-2015 08:36:50 CST6CDT] mail() on [/home/iunicorn/public_html/ums_integration/Create_Contact_through_Source.php:30]: To: rahul@umstechlab.com -- Headers: 
[29-Sep-2015 01:23:19 CST6CDT] mail() on [/home/iunicorn/public_html/ums_integration/Create_Contact_through_Source.php:30]: To: rahul@umstechlab.com -- Headers: 
[29-Sep-2015 01:29:30 CST6CDT] mail() on [/home/iunicorn/public_html/ums_integration/Create_Contact_through_Source.php:7]: To: rahul@umstechlab.com -- Headers: 
[29-Sep-2015 01:29:30 CST6CDT] mail() on [/home/iunicorn/public_html/ums_integration/Create_Contact_through_Source.php:32]: To: rahul@umstechlab.com -- Headers: 
[29-Sep-2015 01:35:41 CST6CDT] mail() on [/home/iunicorn/public_html/ums_integration/Create_Contact_through_Source.php:7]: To: rahul@umstechlab.com -- Headers: 
[29-Sep-2015 01:35:41 CST6CDT] mail() on [/home/iunicorn/public_html/ums_integration/Create_Contact_through_Source.php:32]: To: rahul@umstechlab.com -- Headers: 
[29-Sep-2015 01:41:44 CST6CDT] mail() on [/home/iunicorn/public_html/ums_integration/Create_Contact_through_Source.php:30]: To: rahul@umstechlab.com -- Headers: 
[29-Sep-2015 01:41:45 CST6CDT] mail() on [/home/iunicorn/public_html/ums_integration/Create_Contact_through_Source.php:32]: To: rahul@umstechlab.com -- Headers: 
[29-Sep-2015 12:29:58 Asia/Kolkata] mail() on [/home/iunicorn/public_html/ums_integration/exotelPassthruDuringCall.php:68]: To: rahul@umstechlab.com -- Headers: 
[29-Sep-2015 02:02:54 CST6CDT] mail() on [/home/iunicorn/public_html/ums_integration/Create_Contact_through_Source.php:30]: To: rahul@umstechlab.com -- Headers: 
[29-Sep-2015 02:02:54 CST6CDT] mail() on [/home/iunicorn/public_html/ums_integration/Create_Contact_through_Source.php:32]: To: rahul@umstechlab.com -- Headers: 
[29-Sep-2015 12:32:55 Asia/Kolkata] mail() on [/home/iunicorn/public_html/ums_integration/exotelPassthruDuringCall.php:68]: To: rahul@umstechlab.com -- Headers: 
[29-Sep-2015 02:07:32 CST6CDT] mail() on [/home/iunicorn/public_html/ums_integration/Create_Contact_through_Source.php:32]: To: rahul@umstechlab.com -- Headers: 
[29-Sep-2015 12:37:33 Asia/Kolkata] mail() on [/home/iunicorn/public_html/ums_integration/exotelPassthruDuringCall.php:69]: To: rahul@umstechlab.com -- Headers: 
[30-Sep-2015 00:35:42 CST6CDT] mail() on [/home/iunicorn/public_html/ums_integration/Send_SMS_Notifier.php:28]: To: rahul@umstechlab.com -- Headers: 
[30-Sep-2015 01:48:24 CST6CDT] mail() on [/home/iunicorn/public_html/ums_integration/Create_Contact_through_Source.php:30]: To: rahul@umstechlab.com -- Headers: 
[30-Sep-2015 01:48:24 CST6CDT] mail() on [/home/iunicorn/public_html/ums_integration/Create_Contact_through_Source.php:32]: To: rahul@umstechlab.com -- Headers: 
[30-Sep-2015 12:18:25 Asia/Kolkata] mail() on [/home/iunicorn/public_html/ums_integration/exotelPassthruDuringCall.php:69]: To: rahul@umstechlab.com -- Headers: 
[30-Sep-2015 01:49:39 CST6CDT] mail() on [/home/iunicorn/public_html/ums_integration/Create_Contact_through_Source.php:32]: To: rahul@umstechlab.com -- Headers: 
[30-Sep-2015 12:19:41 Asia/Kolkata] mail() on [/home/iunicorn/public_html/ums_integration/exotelPassthruDuringCall.php:69]: To: rahul@umstechlab.com -- Headers: 
[30-Sep-2015 01:51:45 CST6CDT] mail() on [/home/iunicorn/public_html/ums_integration/Create_Contact_through_Source.php:32]: To: rahul@umstechlab.com -- Headers: 
[30-Sep-2015 12:21:48 Asia/Kolkata] mail() on [/home/iunicorn/public_html/ums_integration/exotelPassthruDuringCall.php:69]: To: rahul@umstechlab.com -- Headers: 
[30-Sep-2015 02:06:58 CST6CDT] mail() on [/home/iunicorn/public_html/ums_integration/Create_Contact_through_Source.php:30]: To: rahul@umstechlab.com -- Headers: 
[30-Sep-2015 02:06:58 CST6CDT] mail() on [/home/iunicorn/public_html/ums_integration/Create_Contact_through_Source.php:32]: To: rahul@umstechlab.com -- Headers: 
[30-Sep-2015 12:36:59 Asia/Kolkata] mail() on [/home/iunicorn/public_html/ums_integration/exotelPassthruDuringCall.php:69]: To: rahul@umstechlab.com -- Headers: 
[30-Sep-2015 02:08:47 CST6CDT] mail() on [/home/iunicorn/public_html/ums_integration/Create_Contact_through_Source.php:32]: To: rahul@umstechlab.com -- Headers: 
[30-Sep-2015 12:38:49 Asia/Kolkata] mail() on [/home/iunicorn/public_html/ums_integration/exotelPassthruDuringCall.php:69]: To: rahul@umstechlab.com -- Headers: 
[30-Sep-2015 02:09:32 CST6CDT] mail() on [/home/iunicorn/public_html/ums_integration/Create_Contact_through_Source.php:32]: To: rahul@umstechlab.com -- Headers: 
[30-Sep-2015 12:39:33 Asia/Kolkata] mail() on [/home/iunicorn/public_html/ums_integration/exotelPassthruDuringCall.php:69]: To: rahul@umstechlab.com -- Headers: 
[30-Sep-2015 02:10:26 CST6CDT] mail() on [/home/iunicorn/public_html/ums_integration/Create_Contact_through_Source.php:32]: To: rahul@umstechlab.com -- Headers: 
[30-Sep-2015 12:40:27 Asia/Kolkata] mail() on [/home/iunicorn/public_html/ums_integration/exotelPassthruDuringCall.php:69]: To: rahul@umstechlab.com -- Headers: 
[09-Oct-2015 02:35:50 CST6CDT] mail() on [/home/iunicorn/public_html/ums_integration/Send_SMS_Notifier.php:28]: To: rahul@umstechlab.com -- Headers: 
[09-Oct-2015 02:57:02 CST6CDT] mail() on [/home/iunicorn/public_html/ums_integration/Send_SMS_Notifier.php:8]: To: rahul@umstechlab.com -- Headers: 
[09-Oct-2015 02:58:42 CST6CDT] mail() on [/home/iunicorn/public_html/ums_integration/Send_SMS_Notifier.php:8]: To: rahul@umstechlab.com -- Headers: 
[13-Oct-2015 03:27:42 CST6CDT] mail() on [/home/iunicorn/public_html/ums_integration/bulkIVRCall_Contact.php:82]: To: rahul@umstechlab.com -- Headers: 
[13-Oct-2015 03:27:44 CST6CDT] mail() on [/home/iunicorn/public_html/ums_integration/bulkIVRCall_Contact.php:82]: To: rahul@umstechlab.com -- Headers: 
[13-Oct-2015 03:28:15 CST6CDT] mail() on [/home/iunicorn/public_html/ums_integration/bulkIVRCall_Contact.php:82]: To: rahul@umstechlab.com -- Headers: 
[13-Oct-2015 03:28:18 CST6CDT] mail() on [/home/iunicorn/public_html/ums_integration/bulkIVRCall_Contact.php:82]: To: rahul@umstechlab.com -- Headers: 
[13-Oct-2015 03:29:42 CST6CDT] mail() on [/home/iunicorn/public_html/ums_integration/bulkIVRCall_Contact.php:83]: To: rahul@umstechlab.com -- Headers: 
[13-Oct-2015 03:29:43 CST6CDT] mail() on [/home/iunicorn/public_html/ums_integration/bulkIVRCall_Contact.php:83]: To: rahul@umstechlab.com -- Headers: 
[13-Oct-2015 03:30:27 CST6CDT] mail() on [/home/iunicorn/public_html/ums_integration/bulkIVRCall_Contact.php:84]: To: rahul@umstechlab.com -- Headers: 
[13-Oct-2015 03:30:29 CST6CDT] mail() on [/home/iunicorn/public_html/ums_integration/bulkIVRCall_Contact.php:84]: To: rahul@umstechlab.com -- Headers: 
[13-Oct-2015 03:33:15 CST6CDT] mail() on [/home/iunicorn/public_html/ums_integration/bulkIVRCall_Contact.php:84]: To: rahul@umstechlab.com -- Headers: 
[13-Oct-2015 03:34:04 CST6CDT] mail() on [/home/iunicorn/public_html/ums_integration/bulkIVRCall_Contact.php:84]: To: rahul@umstechlab.com -- Headers: 
[13-Oct-2015 03:34:11 CST6CDT] mail() on [/home/iunicorn/public_html/ums_integration/bulkIVRCall_Contact.php:84]: To: rahul@umstechlab.com -- Headers: 
[16-Oct-2015 01:28:09 CST6CDT] mail() on [/home/iunicorn/public_html/ums_integration/Send_SMS_Notifier.php:8]: To: rahul@umstechlab.com -- Headers: 
[16-Oct-2015 01:28:55 CST6CDT] mail() on [/home/iunicorn/public_html/ums_integration/Send_SMS_Notifier.php:8]: To: rahul@umstechlab.com -- Headers: 
[16-Oct-2015 01:32:28 CST6CDT] mail() on [/home/iunicorn/public_html/ums_integration/Send_SMS_Notifier.php:9]: To: rahul@umstechlab.com -- Headers: 
[16-Oct-2015 01:56:46 CST6CDT] mail() on [/home/iunicorn/public_html/ums_integration/Send_SMS_Notifier.php:30]: To: rahul@umstechlab.com -- Headers: 
[16-Oct-2015 02:01:22 CST6CDT] mail() on [/home/iunicorn/public_html/ums_integration/Send_SMS_Notifier.php:55]: To: rahul@umstechlab.com -- Headers: 
[20-Oct-2015 05:48:38 CST6CDT] mail() on [/home/iunicorn/public_html/ums_integration/Send_SMS_Notifier.php:55]: To: rahul@umstechlab.com -- Headers: 
[21-Oct-2015 02:51:40 CST6CDT] mail() on [/home/iunicorn/public_html/ums_integration/Send_SMS_Notifier.php:55]: To: rahul@umstechlab.com -- Headers: 
[06-Nov-2015 05:30:33 CST6CDT] mail() on [/home/iunicorn/public_html/ums_integration/Send_SMS_Notifier.php:30]: To: rahul@umstechlab.com -- Headers: 
[06-Nov-2015 05:48:59 CST6CDT] mail() on [/home/iunicorn/public_html/ums_integration/Send_SMS_Notifier.php:30]: To: rahul@umstechlab.com -- Headers: 
[09-Nov-2015 05:05:02 CST6CDT] mail() on [/home/iunicorn/public_html/ums_integration/try.php:7]: To: rahul@umstechlab.com -- Headers: 
[09-Nov-2015 05:08:47 CST6CDT] mail() on [/home/iunicorn/public_html/ums_integration/try.php:7]: To: rahul@umstechlab.com -- Headers: 
[16-Nov-2015 00:46:57 CST6CDT] mail() on [/home/iunicorn/public_html/ums_integration/Send_SMS_Notifier.php:27]: To: rahul@umstechlab.com -- Headers: 
[16-Nov-2015 00:58:51 CST6CDT] mail() on [/home/iunicorn/public_html/ums_integration/Send_SMS_Notifier.php:27]: To: rahul@umstechlab.com -- Headers: 
[16-Nov-2015 01:04:55 CST6CDT] mail() on [/home/iunicorn/public_html/ums_integration/Send_SMS_Notifier.php:27]: To: rahul@umstechlab.com -- Headers: 
[16-Nov-2015 01:05:47 CST6CDT] mail() on [/home/iunicorn/public_html/ums_integration/Send_SMS_Notifier.php:27]: To: rahul@umstechlab.com -- Headers: 
[16-Nov-2015 01:12:41 CST6CDT] mail() on [/home/iunicorn/public_html/ums_integration/Send_SMS_Notifier.php:27]: To: rahul@umstechlab.com -- Headers: 
[16-Nov-2015 01:18:51 CST6CDT] mail() on [/home/iunicorn/public_html/ums_integration/Send_SMS_Notifier.php:12]: To: rahul@umstechlab.com -- Headers: 
[16-Nov-2015 01:18:51 CST6CDT] mail() on [/home/iunicorn/public_html/ums_integration/Send_SMS_Notifier.php:28]: To: rahul@umstechlab.com -- Headers: 
[16-Nov-2015 01:24:23 CST6CDT] mail() on [/home/iunicorn/public_html/ums_integration/Send_SMS_Notifier.php:12]: To: rahul@umstechlab.com -- Headers: 
[16-Nov-2015 01:24:23 CST6CDT] mail() on [/home/iunicorn/public_html/ums_integration/Send_SMS_Notifier.php:28]: To: rahul@umstechlab.com -- Headers: 
[16-Nov-2015 01:26:59 CST6CDT] mail() on [/home/iunicorn/public_html/ums_integration/Send_SMS_Notifier.php:12]: To: rahul@umstechlab.com -- Headers: 
[16-Nov-2015 01:26:59 CST6CDT] mail() on [/home/iunicorn/public_html/ums_integration/Send_SMS_Notifier.php:28]: To: rahul@umstechlab.com -- Headers: 
[16-Nov-2015 01:37:02 CST6CDT] mail() on [/home/iunicorn/public_html/ums_integration/Send_SMS_Notifier.php:11]: To: rahul@umstechlab.com -- Headers: 
[16-Nov-2015 01:37:02 CST6CDT] mail() on [/home/iunicorn/public_html/ums_integration/Send_SMS_Notifier.php:27]: To: rahul@umstechlab.com -- Headers: 
[16-Nov-2015 01:40:53 CST6CDT] mail() on [/home/iunicorn/public_html/ums_integration/Send_SMS_Notifier.php:11]: To: rahul@umstechlab.com -- Headers: 
[16-Nov-2015 01:40:53 CST6CDT] mail() on [/home/iunicorn/public_html/ums_integration/Send_SMS_Notifier.php:27]: To: rahul@umstechlab.com -- Headers: 
[16-Nov-2015 01:49:00 CST6CDT] mail() on [/home/iunicorn/public_html/ums_integration/Send_SMS_Notifier.php:11]: To: rahul@umstechlab.com -- Headers: 
[16-Nov-2015 01:49:00 CST6CDT] mail() on [/home/iunicorn/public_html/ums_integration/Send_SMS_Notifier.php:27]: To: rahul@umstechlab.com -- Headers: 
[16-Nov-2015 01:54:12 CST6CDT] mail() on [/home/iunicorn/public_html/ums_integration/Send_SMS_Notifier.php:12]: To: rahul@umstechlab.com -- Headers: 
[16-Nov-2015 01:54:12 CST6CDT] mail() on [/home/iunicorn/public_html/ums_integration/Send_SMS_Notifier.php:28]: To: rahul@umstechlab.com -- Headers: 
[16-Nov-2015 01:54:34 CST6CDT] mail() on [/home/iunicorn/public_html/ums_integration/Send_SMS_Notifier.php:12]: To: rahul@umstechlab.com -- Headers: 
[16-Nov-2015 01:54:34 CST6CDT] mail() on [/home/iunicorn/public_html/ums_integration/Send_SMS_Notifier.php:28]: To: rahul@umstechlab.com -- Headers: 
[16-Nov-2015 01:57:06 CST6CDT] mail() on [/home/iunicorn/public_html/ums_integration/Send_SMS_Notifier.php:28]: To: rahul@umstechlab.com -- Headers: 
[16-Nov-2015 01:59:33 CST6CDT] mail() on [/home/iunicorn/public_html/ums_integration/Send_SMS_Notifier.php:12]: To: rahul@umstechlab.com -- Headers: 
[16-Nov-2015 01:59:33 CST6CDT] mail() on [/home/iunicorn/public_html/ums_integration/Send_SMS_Notifier.php:28]: To: rahul@umstechlab.com -- Headers: 
[16-Nov-2015 02:02:00 CST6CDT] mail() on [/home/iunicorn/public_html/ums_integration/Send_SMS_Notifier.php:12]: To: rahul@umstechlab.com -- Headers: 
[16-Nov-2015 02:02:00 CST6CDT] mail() on [/home/iunicorn/public_html/ums_integration/Send_SMS_Notifier.php:28]: To: rahul@umstechlab.com -- Headers: 
[16-Nov-2015 02:03:45 CST6CDT] mail() on [/home/iunicorn/public_html/ums_integration/Send_SMS_Notifier.php:12]: To: rahul@umstechlab.com -- Headers: 
[16-Nov-2015 02:03:45 CST6CDT] mail() on [/home/iunicorn/public_html/ums_integration/Send_SMS_Notifier.php:28]: To: rahul@umstechlab.com -- Headers: 
[16-Nov-2015 02:08:06 CST6CDT] mail() on [/home/iunicorn/public_html/ums_integration/Send_SMS_Notifier.php:13]: To: rahul@umstechlab.com -- Headers: 
[16-Nov-2015 02:08:06 CST6CDT] mail() on [/home/iunicorn/public_html/ums_integration/Send_SMS_Notifier.php:29]: To: rahul@umstechlab.com -- Headers: 
[16-Nov-2015 02:08:48 CST6CDT] mail() on [/home/iunicorn/public_html/ums_integration/Send_SMS_Notifier.php:13]: To: rahul@umstechlab.com -- Headers: 
[16-Nov-2015 02:08:49 CST6CDT] mail() on [/home/iunicorn/public_html/ums_integration/Send_SMS_Notifier.php:29]: To: rahul@umstechlab.com -- Headers: 
[16-Nov-2015 02:09:09 CST6CDT] mail() on [/home/iunicorn/public_html/ums_integration/Send_SMS_Notifier.php:13]: To: rahul@umstechlab.com -- Headers: 
[16-Nov-2015 02:09:09 CST6CDT] mail() on [/home/iunicorn/public_html/ums_integration/Send_SMS_Notifier.php:29]: To: rahul@umstechlab.com -- Headers: 
[16-Nov-2015 02:10:44 CST6CDT] mail() on [/home/iunicorn/public_html/ums_integration/Send_SMS_Notifier.php:13]: To: rahul@umstechlab.com -- Headers: 
[16-Nov-2015 02:10:44 CST6CDT] mail() on [/home/iunicorn/public_html/ums_integration/Send_SMS_Notifier.php:29]: To: rahul@umstechlab.com -- Headers: 
[16-Nov-2015 02:11:21 CST6CDT] mail() on [/home/iunicorn/public_html/ums_integration/Send_SMS_Notifier.php:13]: To: rahul@umstechlab.com -- Headers: 
[16-Nov-2015 02:11:21 CST6CDT] mail() on [/home/iunicorn/public_html/ums_integration/Send_SMS_Notifier.php:29]: To: rahul@umstechlab.com -- Headers: 
[16-Nov-2015 02:12:21 CST6CDT] mail() on [/home/iunicorn/public_html/ums_integration/Send_SMS_Notifier.php:13]: To: rahul@umstechlab.com -- Headers: 
[16-Nov-2015 02:12:21 CST6CDT] mail() on [/home/iunicorn/public_html/ums_integration/Send_SMS_Notifier.php:29]: To: rahul@umstechlab.com -- Headers: 
[16-Nov-2015 02:13:55 CST6CDT] mail() on [/home/iunicorn/public_html/ums_integration/Send_SMS_Notifier.php:13]: To: rahul@umstechlab.com -- Headers: 
[16-Nov-2015 02:13:55 CST6CDT] mail() on [/home/iunicorn/public_html/ums_integration/Send_SMS_Notifier.php:29]: To: rahul@umstechlab.com -- Headers: 
[16-Nov-2015 02:14:37 CST6CDT] mail() on [/home/iunicorn/public_html/ums_integration/Send_SMS_Notifier.php:13]: To: rahul@umstechlab.com -- Headers: 
[16-Nov-2015 02:14:37 CST6CDT] mail() on [/home/iunicorn/public_html/ums_integration/Send_SMS_Notifier.php:29]: To: rahul@umstechlab.com -- Headers: 
[16-Nov-2015 02:16:08 CST6CDT] mail() on [/home/iunicorn/public_html/ums_integration/Send_SMS_Notifier.php:14]: To: rahul@umstechlab.com -- Headers: 
[16-Nov-2015 02:16:08 CST6CDT] mail() on [/home/iunicorn/public_html/ums_integration/Send_SMS_Notifier.php:30]: To: rahul@umstechlab.com -- Headers: 
[16-Nov-2015 02:16:32 CST6CDT] mail() on [/home/iunicorn/public_html/ums_integration/Send_SMS_Notifier.php:14]: To: rahul@umstechlab.com -- Headers: 
[16-Nov-2015 02:16:32 CST6CDT] mail() on [/home/iunicorn/public_html/ums_integration/Send_SMS_Notifier.php:30]: To: rahul@umstechlab.com -- Headers: 
[16-Nov-2015 02:19:35 CST6CDT] mail() on [/home/iunicorn/public_html/ums_integration/Send_SMS_Notifier.php:30]: To: rahul@umstechlab.com -- Headers: 
[16-Nov-2015 02:20:07 CST6CDT] mail() on [/home/iunicorn/public_html/ums_integration/Send_SMS_Notifier.php:30]: To: rahul@umstechlab.com -- Headers: 
[16-Nov-2015 04:01:17 CST6CDT] mail() on [/home/iunicorn/public_html/ums_integration/Send_SMS_Notifier.php:15]: To: rahul@umstechlab.com -- Headers: 
[16-Nov-2015 04:01:17 CST6CDT] mail() on [/home/iunicorn/public_html/ums_integration/Send_SMS_Notifier.php:31]: To: rahul@umstechlab.com -- Headers: 
[16-Nov-2015 04:42:38 CST6CDT] mail() on [/home/iunicorn/public_html/ums_integration/Send_SMS_Notifier.php:20]: To: rahul@umstechlab.com -- Headers: 
[16-Nov-2015 04:42:38 CST6CDT] mail() on [/home/iunicorn/public_html/ums_integration/Send_SMS_Notifier.php:36]: To: rahul@umstechlab.com -- Headers: 
[16-Nov-2015 04:45:33 CST6CDT] mail() on [/home/iunicorn/public_html/ums_integration/Send_SMS_Notifier.php:20]: To: rahul@umstechlab.com -- Headers: 
[16-Nov-2015 04:45:33 CST6CDT] mail() on [/home/iunicorn/public_html/ums_integration/Send_SMS_Notifier.php:36]: To: rahul@umstechlab.com -- Headers: 
[16-Nov-2015 05:42:21 CST6CDT] mail() on [/home/iunicorn/public_html/ums_integration/Send_SMS_Notifier.php:20]: To: rahul@umstechlab.com -- Headers: 
[16-Nov-2015 05:49:07 CST6CDT] mail() on [/home/iunicorn/public_html/ums_integration/Get_Agent_Id.php:8]: To: rahul@umstechlab.com -- Headers: 
[16-Nov-2015 05:49:07 CST6CDT] mail() on [/home/iunicorn/public_html/ums_integration/Get_Agent_Id.php:8]: To: rahul@umstechlab.com -- Headers: 
[16-Nov-2015 05:49:08 CST6CDT] mail() on [/home/iunicorn/public_html/ums_integration/Send_SMS_Notifier.php:20]: To: rahul@umstechlab.com -- Headers: 
[16-Nov-2015 05:49:39 CST6CDT] mail() on [/home/iunicorn/public_html/ums_integration/Get_Agent_Id.php:8]: To: rahul@umstechlab.com -- Headers: 
[16-Nov-2015 05:53:03 CST6CDT] mail() on [/home/iunicorn/public_html/ums_integration/Get_Agent_Id.php:8]: To: rahul@umstechlab.com -- Headers: 
[17-Nov-2015 00:42:22 CST6CDT] mail() on [/home/iunicorn/public_html/ums_integration/Send_SMS_Notifier.php:18]: To: rahul@umstechlab.com -- Headers: 
[17-Nov-2015 00:47:36 CST6CDT] mail() on [/home/iunicorn/public_html/ums_integration/Send_SMS_Notifier.php:18]: To: rahul@umstechlab.com -- Headers: 
[17-Nov-2015 00:56:45 CST6CDT] mail() on [/home/iunicorn/public_html/ums_integration/Send_SMS_Notifier.php:18]: To: rahul@umstechlab.com -- Headers: 
[17-Nov-2015 01:07:41 CST6CDT] mail() on [/home/iunicorn/public_html/ums_integration/Send_SMS_Notifier.php:34]: To: rahul@umstechlab.com -- Headers: 
[17-Nov-2015 01:10:10 CST6CDT] mail() on [/home/iunicorn/public_html/ums_integration/Send_SMS_Notifier.php:34]: To: rahul@umstechlab.com -- Headers: 
[17-Nov-2015 02:13:58 CST6CDT] mail() on [/home/iunicorn/public_html/ums_integration/Send_SMS_Notifier.php:29]: To: rahul@umstechlab.com -- Headers: 
[17-Nov-2015 02:14:05 CST6CDT] mail() on [/home/iunicorn/public_html/ums_integration/Send_SMS_Notifier.php:76]: To: rahul@umstechlab.com -- Headers: 
[23-Nov-2015 04:08:55 CST6CDT] mail() on [/home/iunicorn/public_html/ums_integration/bulkIVRCall_Contact.php:114]: To: rahul@umstechlab.com -- Headers: 
[23-Nov-2015 04:09:07 CST6CDT] mail() on [/home/iunicorn/public_html/ums_integration/bulkIVRCall_Contact.php:138]: To: rahul@umstechlab.com -- Headers: 
[23-Nov-2015 04:09:07 CST6CDT] mail() on [/home/iunicorn/public_html/ums_integration/bulkIVRCall_Contact.php:114]: To: rahul@umstechlab.com -- Headers: 
[23-Nov-2015 04:09:12 CST6CDT] mail() on [/home/iunicorn/public_html/ums_integration/bulkIVRCall_Contact.php:138]: To: rahul@umstechlab.com -- Headers: 
[23-Nov-2015 04:09:12 CST6CDT] mail() on [/home/iunicorn/public_html/ums_integration/bulkIVRCall_Contact.php:114]: To: rahul@umstechlab.com -- Headers: 
[23-Nov-2015 04:09:18 CST6CDT] mail() on [/home/iunicorn/public_html/ums_integration/bulkIVRCall_Contact.php:138]: To: rahul@umstechlab.com -- Headers: 
[23-Nov-2015 04:28:45 CST6CDT] mail() on [/home/iunicorn/public_html/ums_integration/bulkIVRCall_Contact.php:117]: To: rahul@umstechlab.com -- Headers: 
[23-Nov-2015 04:28:50 CST6CDT] mail() on [/home/iunicorn/public_html/ums_integration/bulkIVRCall_Contact.php:141]: To: rahul@umstechlab.com -- Headers: 
[23-Nov-2015 04:28:50 CST6CDT] mail() on [/home/iunicorn/public_html/ums_integration/bulkIVRCall_Contact.php:117]: To: rahul@umstechlab.com -- Headers: 
[23-Nov-2015 04:28:58 CST6CDT] mail() on [/home/iunicorn/public_html/ums_integration/bulkIVRCall_Contact.php:141]: To: rahul@umstechlab.com -- Headers: 
[23-Nov-2015 04:28:58 CST6CDT] mail() on [/home/iunicorn/public_html/ums_integration/bulkIVRCall_Contact.php:117]: To: rahul@umstechlab.com -- Headers: 
[23-Nov-2015 04:29:03 CST6CDT] mail() on [/home/iunicorn/public_html/ums_integration/bulkIVRCall_Contact.php:141]: To: rahul@umstechlab.com -- Headers: 
[23-Nov-2015 04:30:08 CST6CDT] mail() on [/home/iunicorn/public_html/ums_integration/bulkIVRCall_Contact.php:117]: To: rahul@umstechlab.com -- Headers: 
[23-Nov-2015 04:30:12 CST6CDT] mail() on [/home/iunicorn/public_html/ums_integration/bulkIVRCall_Contact.php:141]: To: rahul@umstechlab.com -- Headers: 
[23-Nov-2015 04:30:12 CST6CDT] mail() on [/home/iunicorn/public_html/ums_integration/bulkIVRCall_Contact.php:117]: To: rahul@umstechlab.com -- Headers: 
[23-Nov-2015 04:30:17 CST6CDT] mail() on [/home/iunicorn/public_html/ums_integration/bulkIVRCall_Contact.php:141]: To: rahul@umstechlab.com -- Headers: 
[23-Nov-2015 04:30:17 CST6CDT] mail() on [/home/iunicorn/public_html/ums_integration/bulkIVRCall_Contact.php:117]: To: rahul@umstechlab.com -- Headers: 
[23-Nov-2015 04:30:22 CST6CDT] mail() on [/home/iunicorn/public_html/ums_integration/bulkIVRCall_Contact.php:141]: To: rahul@umstechlab.com -- Headers: 
[23-Nov-2015 04:31:30 CST6CDT] mail() on [/home/iunicorn/public_html/ums_integration/bulkIVRCall_Contact.php:117]: To: rahul@umstechlab.com -- Headers: 
[23-Nov-2015 04:31:39 CST6CDT] mail() on [/home/iunicorn/public_html/ums_integration/bulkIVRCall_Contact.php:141]: To: rahul@umstechlab.com -- Headers: 
[23-Nov-2015 04:31:41 CST6CDT] mail() on [/home/iunicorn/public_html/ums_integration/bulkIVRCall_Contact.php:117]: To: rahul@umstechlab.com -- Headers: 
[23-Nov-2015 04:31:47 CST6CDT] mail() on [/home/iunicorn/public_html/ums_integration/bulkIVRCall_Contact.php:141]: To: rahul@umstechlab.com -- Headers: 
[23-Nov-2015 04:35:03 CST6CDT] mail() on [/home/iunicorn/public_html/ums_integration/bulkIVRCall_Contact.php:117]: To: rahul@umstechlab.com -- Headers: 
[23-Nov-2015 04:35:07 CST6CDT] mail() on [/home/iunicorn/public_html/ums_integration/bulkIVRCall_Contact.php:141]: To: rahul@umstechlab.com -- Headers: 
[23-Nov-2015 04:35:07 CST6CDT] mail() on [/home/iunicorn/public_html/ums_integration/bulkIVRCall_Contact.php:117]: To: rahul@umstechlab.com -- Headers: 
[23-Nov-2015 04:35:11 CST6CDT] mail() on [/home/iunicorn/public_html/ums_integration/bulkIVRCall_Contact.php:141]: To: rahul@umstechlab.com -- Headers: 
[23-Nov-2015 04:35:11 CST6CDT] mail() on [/home/iunicorn/public_html/ums_integration/bulkIVRCall_Contact.php:117]: To: rahul@umstechlab.com -- Headers: 
[23-Nov-2015 04:35:17 CST6CDT] mail() on [/home/iunicorn/public_html/ums_integration/bulkIVRCall_Contact.php:141]: To: rahul@umstechlab.com -- Headers: 
[23-Nov-2015 04:58:10 CST6CDT] mail() on [/home/iunicorn/public_html/ums_integration/bulkIVRCall_Contact.php:132]: To: rahul@umstechlab.com -- Headers: 
[23-Nov-2015 04:58:19 CST6CDT] mail() on [/home/iunicorn/public_html/ums_integration/bulkIVRCall_Contact.php:156]: To: rahul@umstechlab.com -- Headers: 
[23-Nov-2015 04:58:19 CST6CDT] mail() on [/home/iunicorn/public_html/ums_integration/bulkIVRCall_Contact.php:132]: To: rahul@umstechlab.com -- Headers: 
[23-Nov-2015 04:58:26 CST6CDT] mail() on [/home/iunicorn/public_html/ums_integration/bulkIVRCall_Contact.php:156]: To: rahul@umstechlab.com -- Headers: 
[23-Nov-2015 05:02:57 CST6CDT] mail() on [/home/iunicorn/public_html/ums_integration/bulkIVRCall_Contact.php:126]: To: rahul@umstechlab.com -- Headers: 
[23-Nov-2015 05:05:59 CST6CDT] mail() on [/home/iunicorn/public_html/ums_integration/bulkIVRCall_Contact.php:126]: To: rahul@umstechlab.com -- Headers: 
[23-Nov-2015 05:06:11 CST6CDT] mail() on [/home/iunicorn/public_html/ums_integration/bulkIVRCall_Contact.php:126]: To: rahul@umstechlab.com -- Headers: 
[23-Nov-2015 05:06:20 CST6CDT] mail() on [/home/iunicorn/public_html/ums_integration/bulkIVRCall_Contact.php:126]: To: rahul@umstechlab.com -- Headers: 
[23-Nov-2015 05:06:28 CST6CDT] mail() on [/home/iunicorn/public_html/ums_integration/bulkIVRCall_Contact.php:126]: To: rahul@umstechlab.com -- Headers: 
[23-Nov-2015 05:06:42 CST6CDT] mail() on [/home/iunicorn/public_html/ums_integration/bulkIVRCall_Contact.php:126]: To: rahul@umstechlab.com -- Headers: 
[23-Nov-2015 05:06:51 CST6CDT] mail() on [/home/iunicorn/public_html/ums_integration/bulkIVRCall_Contact.php:126]: To: rahul@umstechlab.com -- Headers: 
[23-Nov-2015 05:06:59 CST6CDT] mail() on [/home/iunicorn/public_html/ums_integration/bulkIVRCall_Contact.php:126]: To: rahul@umstechlab.com -- Headers: 
[23-Nov-2015 05:07:09 CST6CDT] mail() on [/home/iunicorn/public_html/ums_integration/bulkIVRCall_Contact.php:126]: To: rahul@umstechlab.com -- Headers: 
[23-Nov-2015 05:07:17 CST6CDT] mail() on [/home/iunicorn/public_html/ums_integration/bulkIVRCall_Contact.php:126]: To: rahul@umstechlab.com -- Headers: 
[23-Nov-2015 05:07:26 CST6CDT] mail() on [/home/iunicorn/public_html/ums_integration/bulkIVRCall_Contact.php:126]: To: rahul@umstechlab.com -- Headers: 
[23-Nov-2015 05:07:34 CST6CDT] mail() on [/home/iunicorn/public_html/ums_integration/bulkIVRCall_Contact.php:126]: To: rahul@umstechlab.com -- Headers: 
[23-Nov-2015 05:07:41 CST6CDT] mail() on [/home/iunicorn/public_html/ums_integration/bulkIVRCall_Contact.php:126]: To: rahul@umstechlab.com -- Headers: 
[23-Nov-2015 05:07:50 CST6CDT] mail() on [/home/iunicorn/public_html/ums_integration/bulkIVRCall_Contact.php:126]: To: rahul@umstechlab.com -- Headers: 
[23-Nov-2015 05:08:00 CST6CDT] mail() on [/home/iunicorn/public_html/ums_integration/bulkIVRCall_Contact.php:126]: To: rahul@umstechlab.com -- Headers: 
[23-Nov-2015 05:08:10 CST6CDT] mail() on [/home/iunicorn/public_html/ums_integration/bulkIVRCall_Contact.php:126]: To: rahul@umstechlab.com -- Headers: 
[23-Nov-2015 05:09:27 CST6CDT] mail() on [/home/iunicorn/public_html/ums_integration/bulkIVRCall_Contact.php:126]: To: rahul@umstechlab.com -- Headers: 
[23-Nov-2015 05:11:28 CST6CDT] mail() on [/home/iunicorn/public_html/ums_integration/bulkIVRCall_Contact.php:126]: To: rahul@umstechlab.com -- Headers: 
[23-Nov-2015 05:11:41 CST6CDT] mail() on [/home/iunicorn/public_html/ums_integration/bulkIVRCall_Contact.php:129]: To: rahul@umstechlab.com -- Headers: 
[23-Nov-2015 05:13:33 CST6CDT] mail() on [/home/iunicorn/public_html/ums_integration/bulkIVRCall_Contact.php:126]: To: rahul@umstechlab.com -- Headers: 
[23-Nov-2015 05:14:33 CST6CDT] mail() on [/home/iunicorn/public_html/ums_integration/bulkIVRCall_Contact.php:126]: To: rahul@umstechlab.com -- Headers: 
[23-Nov-2015 05:18:28 CST6CDT] mail() on [/home/iunicorn/public_html/ums_integration/bulkIVRCall_Contact.php:126]: To: rahul@umstechlab.com -- Headers: 
[23-Nov-2015 05:23:28 CST6CDT] mail() on [/home/iunicorn/public_html/ums_integration/bulkIVRCall_Contact.php:135]: To: rahul@umstechlab.com -- Headers: 
[23-Nov-2015 05:23:32 CST6CDT] mail() on [/home/iunicorn/public_html/ums_integration/bulkIVRCall_Contact.php:135]: To: rahul@umstechlab.com -- Headers: 
[23-Nov-2015 05:23:36 CST6CDT] mail() on [/home/iunicorn/public_html/ums_integration/bulkIVRCall_Contact.php:126]: To: rahul@umstechlab.com -- Headers: 
[23-Nov-2015 05:26:32 CST6CDT] mail() on [/home/iunicorn/public_html/ums_integration/bulkIVRCall_Contact.php:135]: To: rahul@umstechlab.com -- Headers: 
[23-Nov-2015 05:26:35 CST6CDT] mail() on [/home/iunicorn/public_html/ums_integration/bulkIVRCall_Contact.php:135]: To: rahul@umstechlab.com -- Headers: 
[23-Nov-2015 05:26:41 CST6CDT] mail() on [/home/iunicorn/public_html/ums_integration/bulkIVRCall_Contact.php:126]: To: rahul@umstechlab.com -- Headers: 
[23-Nov-2015 05:27:01 CST6CDT] mail() on [/home/iunicorn/public_html/ums_integration/bulkIVRCall_Contact.php:135]: To: rahul@umstechlab.com -- Headers: 
[23-Nov-2015 05:27:04 CST6CDT] mail() on [/home/iunicorn/public_html/ums_integration/bulkIVRCall_Contact.php:130]: To: rahul@umstechlab.com -- Headers: 
[23-Nov-2015 05:31:26 CST6CDT] mail() on [/home/iunicorn/public_html/ums_integration/bulkIVRCall_Contact.php:136]: To: rahul@umstechlab.com -- Headers: 
[23-Nov-2015 05:31:29 CST6CDT] mail() on [/home/iunicorn/public_html/ums_integration/bulkIVRCall_Contact.php:136]: To: rahul@umstechlab.com -- Headers: 
[23-Nov-2015 05:31:35 CST6CDT] mail() on [/home/iunicorn/public_html/ums_integration/bulkIVRCall_Contact.php:127]: To: rahul@umstechlab.com -- Headers: 
[23-Nov-2015 05:34:07 CST6CDT] mail() on [/home/iunicorn/public_html/ums_integration/bulkIVRCall_Contact.php:136]: To: rahul@umstechlab.com -- Headers: 
[23-Nov-2015 05:34:11 CST6CDT] mail() on [/home/iunicorn/public_html/ums_integration/bulkIVRCall_Contact.php:136]: To: rahul@umstechlab.com -- Headers: 
[23-Nov-2015 05:34:16 CST6CDT] mail() on [/home/iunicorn/public_html/ums_integration/bulkIVRCall_Contact.php:127]: To: rahul@umstechlab.com -- Headers: 
[23-Nov-2015 05:37:26 CST6CDT] mail() on [/home/iunicorn/public_html/ums_integration/bulkIVRCall_Contact.php:136]: To: rahul@umstechlab.com -- Headers: 
[23-Nov-2015 05:37:31 CST6CDT] mail() on [/home/iunicorn/public_html/ums_integration/bulkIVRCall_Contact.php:136]: To: rahul@umstechlab.com -- Headers: 
[23-Nov-2015 05:37:35 CST6CDT] mail() on [/home/iunicorn/public_html/ums_integration/bulkIVRCall_Contact.php:127]: To: rahul@umstechlab.com -- Headers: 
[23-Nov-2015 05:42:16 CST6CDT] mail() on [/home/iunicorn/public_html/ums_integration/bulkIVRCall_Contact.php:137]: To: rahul@umstechlab.com -- Headers: 
[23-Nov-2015 05:42:20 CST6CDT] mail() on [/home/iunicorn/public_html/ums_integration/bulkIVRCall_Contact.php:137]: To: rahul@umstechlab.com -- Headers: 
[23-Nov-2015 05:42:21 CST6CDT] mail() on [/home/iunicorn/public_html/ums_integration/bulkIVRCall_Contact.php:127]: To: rahul@umstechlab.com -- Headers: 
[23-Nov-2015 05:42:41 CST6CDT] mail() on [/home/iunicorn/public_html/ums_integration/bulkIVRCall_Contact.php:137]: To: rahul@umstechlab.com -- Headers: 
[23-Nov-2015 05:42:46 CST6CDT] mail() on [/home/iunicorn/public_html/ums_integration/bulkIVRCall_Contact.php:132]: To: rahul@umstechlab.com -- Headers: 
[23-Nov-2015 05:44:20 CST6CDT] mail() on [/home/iunicorn/public_html/ums_integration/bulkIVRCall_Contact.php:137]: To: rahul@umstechlab.com -- Headers: 
[23-Nov-2015 05:44:27 CST6CDT] mail() on [/home/iunicorn/public_html/ums_integration/bulkIVRCall_Contact.php:137]: To: rahul@umstechlab.com -- Headers: 
[23-Nov-2015 05:44:32 CST6CDT] mail() on [/home/iunicorn/public_html/ums_integration/bulkIVRCall_Contact.php:127]: To: rahul@umstechlab.com -- Headers: 
[23-Nov-2015 05:44:52 CST6CDT] mail() on [/home/iunicorn/public_html/ums_integration/bulkIVRCall_Contact.php:137]: To: rahul@umstechlab.com -- Headers: 
[23-Nov-2015 05:44:55 CST6CDT] mail() on [/home/iunicorn/public_html/ums_integration/bulkIVRCall_Contact.php:132]: To: rahul@umstechlab.com -- Headers: 
[23-Nov-2015 05:47:46 CST6CDT] mail() on [/home/iunicorn/public_html/ums_integration/bulkIVRCall_Contact.php:136]: To: rahul@umstechlab.com -- Headers: 
[23-Nov-2015 05:47:50 CST6CDT] mail() on [/home/iunicorn/public_html/ums_integration/bulkIVRCall_Contact.php:136]: To: rahul@umstechlab.com -- Headers: 
[23-Nov-2015 05:47:54 CST6CDT] mail() on [/home/iunicorn/public_html/ums_integration/bulkIVRCall_Contact.php:127]: To: rahul@umstechlab.com -- Headers: 
[23-Nov-2015 05:47:54 CST6CDT] mail() on [/home/iunicorn/public_html/ums_integration/bulkIVRCall_Contact.php:136]: To: rahul@umstechlab.com -- Headers: 
[23-Nov-2015 05:48:00 CST6CDT] mail() on [/home/iunicorn/public_html/ums_integration/bulkIVRCall_Contact.php:131]: To: rahul@umstechlab.com -- Headers: 
[23-Nov-2015 05:49:57 CST6CDT] mail() on [/home/iunicorn/public_html/ums_integration/bulkIVRCall_Contact.php:136]: To: rahul@umstechlab.com -- Headers: 
[23-Nov-2015 05:50:03 CST6CDT] mail() on [/home/iunicorn/public_html/ums_integration/bulkIVRCall_Contact.php:136]: To: rahul@umstechlab.com -- Headers: 
[23-Nov-2015 05:50:07 CST6CDT] mail() on [/home/iunicorn/public_html/ums_integration/bulkIVRCall_Contact.php:127]: To: rahul@umstechlab.com -- Headers: 
[23-Nov-2015 05:53:08 CST6CDT] mail() on [/home/iunicorn/public_html/ums_integration/bulkIVRCall_Contact.php:137]: To: rahul@umstechlab.com -- Headers: 
[23-Nov-2015 05:53:15 CST6CDT] mail() on [/home/iunicorn/public_html/ums_integration/bulkIVRCall_Contact.php:137]: To: rahul@umstechlab.com -- Headers: 
[23-Nov-2015 05:53:19 CST6CDT] mail() on [/home/iunicorn/public_html/ums_integration/bulkIVRCall_Contact.php:128]: To: rahul@umstechlab.com -- Headers: 
[25-Nov-2015 01:06:57 CST6CDT] mail() on [/home/iunicorn/public_html/ums_integration/bulkIVRCall_Contact.php:137]: To: rahul@umstechlab.com -- Headers: 
[25-Nov-2015 01:07:05 CST6CDT] mail() on [/home/iunicorn/public_html/ums_integration/bulkIVRCall_Contact.php:137]: To: rahul@umstechlab.com -- Headers: 
[25-Nov-2015 01:07:09 CST6CDT] mail() on [/home/iunicorn/public_html/ums_integration/bulkIVRCall_Contact.php:128]: To: rahul@umstechlab.com -- Headers: 
[25-Nov-2015 01:51:23 CST6CDT] mail() on [/home/iunicorn/public_html/ums_integration/bulkIVRCall_Contact.php:137]: To: rahul@umstechlab.com -- Headers: 
[25-Nov-2015 01:51:27 CST6CDT] mail() on [/home/iunicorn/public_html/ums_integration/bulkIVRCall_Contact.php:137]: To: rahul@umstechlab.com -- Headers: 
[25-Nov-2015 01:51:29 CST6CDT] mail() on [/home/iunicorn/public_html/ums_integration/bulkIVRCall_Contact.php:128]: To: rahul@umstechlab.com -- Headers: 
[25-Nov-2015 05:42:47 CST6CDT] mail() on [/home/iunicorn/public_html/ums_integration/bulkIVRCall_Contact.php:137]: To: rahul@umstechlab.com -- Headers: 
[25-Nov-2015 05:43:02 CST6CDT] mail() on [/home/iunicorn/public_html/ums_integration/bulkIVRCall_Contact.php:161]: To: rahul@umstechlab.com -- Headers: 
[25-Nov-2015 05:58:59 CST6CDT] mail() on [/home/iunicorn/public_html/ums_integration/bulkIVRCall_Contact.php:137]: To: rahul@umstechlab.com -- Headers: 
[25-Nov-2015 06:04:10 CST6CDT] mail() on [/home/iunicorn/public_html/ums_integration/bulkIVRCall_Contact.php:136]: To: rahul@umstechlab.com -- Headers: 
[25-Nov-2015 06:05:50 CST6CDT] mail() on [/home/iunicorn/public_html/ums_integration/bulkIVRCall_Contact.php:136]: To: rahul@umstechlab.com -- Headers: 
[25-Nov-2015 06:10:13 CST6CDT] mail() on [/home/iunicorn/public_html/ums_integration/bulkIVRCall_Contact.php:179]: To: rahul@umstechlab.com -- Headers: 
[25-Nov-2015 23:23:09 CST6CDT] mail() on [/home/iunicorn/public_html/ums_integration/bulkIVRCall_Contact.php:179]: To: rahul@umstechlab.com -- Headers: 
[25-Nov-2015 23:23:09 CST6CDT] mail() on [/home/iunicorn/public_html/ums_integration/bulkIVRCall_Contact.php:185]: To: rahul@umstechlab.com -- Headers: 
[25-Nov-2015 23:38:37 CST6CDT] mail() on [/home/iunicorn/public_html/ums_integration/bulkIVRCall_Contact.php:179]: To: rahul@umstechlab.com -- Headers: 
[25-Nov-2015 23:38:37 CST6CDT] mail() on [/home/iunicorn/public_html/ums_integration/bulkIVRCall_Contact.php:185]: To: rahul@umstechlab.com -- Headers: 
[25-Nov-2015 23:41:15 CST6CDT] mail() on [/home/iunicorn/public_html/ums_integration/bulkIVRCall_Contact.php:186]: To: rahul@umstechlab.com -- Headers: 
[25-Nov-2015 23:47:56 CST6CDT] mail() on [/home/iunicorn/public_html/ums_integration/bulkIVRCall_Contact.php:187]: To: rahul@umstechlab.com -- Headers: 
[25-Nov-2015 23:49:36 CST6CDT] mail() on [/home/iunicorn/public_html/ums_integration/bulkIVRCall_Contact.php:187]: To: rahul@umstechlab.com -- Headers: 
[25-Nov-2015 23:51:37 CST6CDT] mail() on [/home/iunicorn/public_html/ums_integration/bulkIVRCall_Contact.php:187]: To: rahul@umstechlab.com -- Headers: 
[25-Nov-2015 23:53:45 CST6CDT] mail() on [/home/iunicorn/public_html/ums_integration/bulkIVRCall_Contact.php:190]: To: rahul@umstechlab.com -- Headers: 
[25-Nov-2015 23:56:33 CST6CDT] mail() on [/home/iunicorn/public_html/ums_integration/bulkIVRCall_Contact.php:193]: To: rahul@umstechlab.com -- Headers: 
[26-Nov-2015 00:00:59 CST6CDT] mail() on [/home/iunicorn/public_html/ums_integration/bulkIVRCall_Contact.php:193]: To: rahul@umstechlab.com -- Headers: 
[26-Nov-2015 00:04:30 CST6CDT] mail() on [/home/iunicorn/public_html/ums_integration/bulkIVRCall_Contact.php:191]: To: rahul@umstechlab.com -- Headers: 
[26-Nov-2015 00:05:45 CST6CDT] mail() on [/home/iunicorn/public_html/ums_integration/bulkIVRCall_Contact.php:191]: To: rahul@umstechlab.com -- Headers: 
[26-Nov-2015 11:40:29 Asia/Kolkata] mail() on [/home/iunicorn/public_html/ums_integration/bulkIVRCall_Contact.php:219]: To: rahul@umstechlab.com -- Headers: 
[26-Nov-2015 11:40:29 Asia/Kolkata] mail() on [/home/iunicorn/public_html/ums_integration/bulkIVRCall_Contact.php:225]: To: rahul@umstechlab.com -- Headers: 
[26-Nov-2015 02:06:45 CST6CDT] mail() on [/home/iunicorn/public_html/ums_integration/BulkIVRResponseStatusCallback.php:5]: To: rahul@umstechlab.com -- Headers: 
[26-Nov-2015 02:06:51 CST6CDT] mail() on [/home/iunicorn/public_html/ums_integration/BulkIVRResponseStatusCallback.php:5]: To: rahul@umstechlab.com -- Headers: 
[26-Nov-2015 02:06:54 CST6CDT] mail() on [/home/iunicorn/public_html/ums_integration/BulkIVRResponseStatusCallback.php:5]: To: rahul@umstechlab.com -- Headers: 
[26-Nov-2015 02:10:03 CST6CDT] mail() on [/home/iunicorn/public_html/ums_integration/BulkIVRResponseStatusCallback.php:5]: To: rahul@umstechlab.com -- Headers: 
[26-Nov-2015 02:10:09 CST6CDT] mail() on [/home/iunicorn/public_html/ums_integration/BulkIVRResponseStatusCallback.php:5]: To: rahul@umstechlab.com -- Headers: 
[26-Nov-2015 02:10:15 CST6CDT] mail() on [/home/iunicorn/public_html/ums_integration/BulkIVRResponseStatusCallback.php:5]: To: rahul@umstechlab.com -- Headers: 
[26-Nov-2015 02:13:25 CST6CDT] mail() on [/home/iunicorn/public_html/ums_integration/BulkIVRResponseStatusCallback.php:5]: To: rahul@umstechlab.com -- Headers: 
[26-Nov-2015 02:15:38 CST6CDT] mail() on [/home/iunicorn/public_html/ums_integration/BulkIVRResponseStatusCallback.php:17]: To: rahul@umstechlab.com -- Headers: 
[26-Nov-2015 02:19:12 CST6CDT] mail() on [/home/iunicorn/public_html/ums_integration/BulkIVRResponseStatusCallback.php:17]: To: rahul@umstechlab.com -- Headers: 
[26-Nov-2015 03:59:18 CST6CDT] mail() on [/home/iunicorn/public_html/ums_integration/BulkIVRResponseStatusCallback.php:18]: To: rahul@umstechlab.com -- Headers: 
[26-Nov-2015 04:00:42 CST6CDT] mail() on [/home/iunicorn/public_html/ums_integration/BulkIVRResponseStatusCallback.php:18]: To: rahul@umstechlab.com -- Headers: 
[26-Nov-2015 04:31:24 CST6CDT] mail() on [/home/iunicorn/public_html/ums_integration/BulkIVRResponseStatusCallback.php:18]: To: rahul@umstechlab.com -- Headers: 
[26-Nov-2015 06:49:23 CST6CDT] mail() on [/home/iunicorn/public_html/ums_integration/Call_Generic_Webservice_for_Calling.php:32]: To: rahul@umstechlab.com -- Headers: 
[26-Nov-2015 06:57:25 CST6CDT] mail() on [/home/iunicorn/public_html/ums_integration/Send_SMS_Notifier.php:29]: To: rahul@umstechlab.com -- Headers: 
[26-Nov-2015 06:57:28 CST6CDT] mail() on [/home/iunicorn/public_html/ums_integration/Send_SMS_Notifier.php:51]: To: rahul@umstechlab.com -- Headers: 
[26-Nov-2015 06:59:18 CST6CDT] mail() on [/home/iunicorn/public_html/ums_integration/Create_Contact_through_Source.php:30]: To: rahul@umstechlab.com -- Headers: 
[26-Nov-2015 06:59:18 CST6CDT] mail() on [/home/iunicorn/public_html/ums_integration/Create_Contact_through_Source.php:32]: To: rahul@umstechlab.com -- Headers: 
[26-Nov-2015 18:29:19 Asia/Kolkata] mail() on [/home/iunicorn/public_html/ums_integration/exotelPassthruDuringCall.php:69]: To: rahul@umstechlab.com -- Headers: 
[26-Nov-2015 07:00:41 CST6CDT] mail() on [/home/iunicorn/public_html/ums_integration/Create_Contact_through_Source.php:32]: To: rahul@umstechlab.com -- Headers: 
[26-Nov-2015 18:30:43 Asia/Kolkata] mail() on [/home/iunicorn/public_html/ums_integration/exotelPassthruDuringCall.php:69]: To: rahul@umstechlab.com -- Headers: 
[26-Nov-2015 07:10:20 CST6CDT] mail() on [/home/iunicorn/public_html/ums_integration/Create_Contact_through_Source.php:37]: To: rahul@umstechlab.com -- Headers: 
[26-Nov-2015 18:40:21 Asia/Kolkata] mail() on [/home/iunicorn/public_html/ums_integration/exotelPassthruDuringCall.php:69]: To: rahul@umstechlab.com -- Headers: 
[26-Nov-2015 07:15:14 CST6CDT] mail() on [/home/iunicorn/public_html/ums_integration/Send_SMS_Notifier.php:29]: To: rahul@umstechlab.com -- Headers: 
[26-Nov-2015 07:15:23 CST6CDT] mail() on [/home/iunicorn/public_html/ums_integration/Send_SMS_Notifier.php:76]: To: rahul@umstechlab.com -- Headers: 
[26-Nov-2015 07:30:53 CST6CDT] mail() on [/home/iunicorn/public_html/ums_integration/UpdateBulkIVRResponse.php:6]: To: rahul@umstechlab.com -- Headers: 
[26-Nov-2015 07:31:01 CST6CDT] mail() on [/home/iunicorn/public_html/ums_integration/UpdateBulkIVRResponse.php:6]: To: rahul@umstechlab.com -- Headers: 
[27-Nov-2015 04:27:03 CST6CDT] mail() on [/home/iunicorn/public_html/ums_integration/bulkIVRCall_Contact.php:186]: To: rahul@umstechlab.com -- Headers: 
[27-Nov-2015 04:27:04 CST6CDT] mail() on [/home/iunicorn/public_html/ums_integration/bulkIVRCall_Contact.php:186]: To: rahul@umstechlab.com -- Headers: 
[27-Nov-2015 04:34:25 CST6CDT] mail() on [/home/iunicorn/public_html/ums_integration/bulkIVRCall_Contact.php:193]: To: rahul@umstechlab.com -- Headers: 
[27-Nov-2015 04:34:31 CST6CDT] mail() on [/home/iunicorn/public_html/ums_integration/bulkIVRCall_Contact.php:193]: To: rahul@umstechlab.com -- Headers: 
[27-Nov-2015 04:43:45 CST6CDT] mail() on [/home/iunicorn/public_html/ums_integration/bulkIVRCall_Contact.php:197]: To: rahul@umstechlab.com -- Headers: 
[27-Nov-2015 04:49:46 CST6CDT] mail() on [/home/iunicorn/public_html/ums_integration/bulkIVRCall_Contact.php:197]: To: rahul@umstechlab.com -- Headers: 
[27-Nov-2015 04:57:25 CST6CDT] mail() on [/home/iunicorn/public_html/ums_integration/bulkIVRCall_Contact.php:205]: To: rahul@umstechlab.com -- Headers: 
[27-Nov-2015 04:59:43 CST6CDT] mail() on [/home/iunicorn/public_html/ums_integration/bulkIVRCall_Contact.php:212]: To: rahul@umstechlab.com -- Headers: 
[27-Nov-2015 05:00:55 CST6CDT] mail() on [/home/iunicorn/public_html/ums_integration/bulkIVRCall_Contact.php:212]: To: rahul@umstechlab.com -- Headers: 
[27-Nov-2015 05:55:35 CST6CDT] mail() on [/home/iunicorn/public_html/ums_integration/bulkIVRCall_Contact.php:220]: To: rahul@umstechlab.com -- Headers: 
[27-Nov-2015 05:57:39 CST6CDT] mail() on [/home/iunicorn/public_html/ums_integration/bulkIVRCall_Contact.php:220]: To: rahul@umstechlab.com -- Headers: 
[27-Nov-2015 06:17:29 CST6CDT] mail() on [/home/iunicorn/public_html/ums_integration/bulkIVRCall_Contact.php:241]: To: rahul@umstechlab.com -- Headers: 
[27-Nov-2015 06:21:41 CST6CDT] mail() on [/home/iunicorn/public_html/ums_integration/bulkIVRCall_Contact.php:249]: To: rahul@umstechlab.com -- Headers: 
[27-Nov-2015 06:24:20 CST6CDT] mail() on [/home/iunicorn/public_html/ums_integration/bulkIVRCall_Contact.php:249]: To: rahul@umstechlab.com -- Headers: 
[27-Nov-2015 06:27:26 CST6CDT] mail() on [/home/iunicorn/public_html/ums_integration/bulkIVRCall_Contact.php:249]: To: rahul@umstechlab.com -- Headers: 
[27-Nov-2015 06:29:06 CST6CDT] mail() on [/home/iunicorn/public_html/ums_integration/bulkIVRCall_Contact.php:249]: To: rahul@umstechlab.com -- Headers: 
[27-Nov-2015 06:39:15 CST6CDT] mail() on [/home/iunicorn/public_html/ums_integration/bulkIVRCall_Contact.php:249]: To: rahul@umstechlab.com -- Headers: 
[27-Nov-2015 06:49:45 CST6CDT] mail() on [/home/iunicorn/public_html/ums_integration/bulkIVRCall_Contact.php:249]: To: rahul@umstechlab.com -- Headers: 
[27-Nov-2015 06:53:19 CST6CDT] mail() on [/home/iunicorn/public_html/ums_integration/bulkIVRCall_Contact.php:249]: To: rahul@umstechlab.com -- Headers: 
[27-Nov-2015 07:07:17 CST6CDT] mail() on [/home/iunicorn/public_html/ums_integration/bulkIVRCall_Contact.php:249]: To: rahul@umstechlab.com -- Headers: 
[27-Nov-2015 07:09:52 CST6CDT] mail() on [/home/iunicorn/public_html/ums_integration/bulkIVRCall_Contact.php:249]: To: rahul@umstechlab.com -- Headers: 
[27-Nov-2015 07:10:45 CST6CDT] mail() on [/home/iunicorn/public_html/ums_integration/bulkIVRCall_Contact.php:249]: To: rahul@umstechlab.com -- Headers: 
[27-Nov-2015 07:13:05 CST6CDT] mail() on [/home/iunicorn/public_html/ums_integration/bulkIVRCall_Contact.php:249]: To: rahul@umstechlab.com -- Headers: 
[27-Nov-2015 07:18:26 CST6CDT] mail() on [/home/iunicorn/public_html/ums_integration/bulkIVRCall_Contact.php:249]: To: rahul@umstechlab.com -- Headers: 
[27-Nov-2015 07:24:00 CST6CDT] mail() on [/home/iunicorn/public_html/ums_integration/bulkIVRCall_Contact.php:253]: To: rahul@umstechlab.com -- Headers: 
[27-Nov-2015 07:25:12 CST6CDT] mail() on [/home/iunicorn/public_html/ums_integration/bulkIVRCall_Contact.php:253]: To: rahul@umstechlab.com -- Headers: 
[27-Nov-2015 07:26:33 CST6CDT] mail() on [/home/iunicorn/public_html/ums_integration/bulkIVRCall_Contact.php:253]: To: rahul@umstechlab.com -- Headers: 
[29-Nov-2015 00:20:46 CST6CDT] mail() on [/home/iunicorn/public_html/ums_integration/Call_Generic_Webservice_for_Calling.php:32]: To: rahul@umstechlab.com -- Headers: 
[29-Nov-2015 00:23:41 CST6CDT] mail() on [/home/iunicorn/public_html/ums_integration/Call_Generic_Webservice_for_Calling.php:32]: To: rahul@umstechlab.com -- Headers: 
[29-Nov-2015 00:26:18 CST6CDT] mail() on [/home/iunicorn/public_html/ums_integration/Call_Generic_Webservice_for_Calling.php:32]: To: rahul@umstechlab.com -- Headers: 
[29-Nov-2015 00:34:02 CST6CDT] mail() on [/home/iunicorn/public_html/ums_integration/Send_SMS_Notifier.php:29]: To: rahul@umstechlab.com -- Headers: 
[29-Nov-2015 00:34:09 CST6CDT] mail() on [/home/iunicorn/public_html/ums_integration/Send_SMS_Notifier.php:51]: To: rahul@umstechlab.com -- Headers: 
[29-Nov-2015 00:59:20 CST6CDT] mail() on [/home/iunicorn/public_html/ums_integration/Create_Contact_through_Source.php:35]: To: rahul@umstechlab.com -- Headers: 
[29-Nov-2015 00:59:20 CST6CDT] mail() on [/home/iunicorn/public_html/ums_integration/Create_Contact_through_Source.php:37]: To: rahul@umstechlab.com -- Headers: 
[29-Nov-2015 12:29:22 Asia/Kolkata] mail() on [/home/iunicorn/public_html/ums_integration/exotelPassthruDuringCall.php:69]: To: rahul@umstechlab.com -- Headers: 
[29-Nov-2015 01:07:16 CST6CDT] mail() on [/home/iunicorn/public_html/ums_integration/Create_Contact_through_Source.php:37]: To: rahul@umstechlab.com -- Headers: 
[29-Nov-2015 12:37:17 Asia/Kolkata] mail() on [/home/iunicorn/public_html/ums_integration/exotelPassthruDuringCall.php:69]: To: rahul@umstechlab.com -- Headers: 
[29-Nov-2015 01:11:09 CST6CDT] mail() on [/home/iunicorn/public_html/ums_integration/Send_SMS_Notifier.php:29]: To: rahul@umstechlab.com -- Headers: 
[29-Nov-2015 01:11:12 CST6CDT] mail() on [/home/iunicorn/public_html/ums_integration/Send_SMS_Notifier.php:51]: To: rahul@umstechlab.com -- Headers: 
[01-Dec-2015 00:11:50 CST6CDT] mail() on [/home/iunicorn/public_html/ums_integration/Create_Contact_through_Source.php:35]: To: rahul@umstechlab.com -- Headers: 
[01-Dec-2015 00:11:50 CST6CDT] mail() on [/home/iunicorn/public_html/ums_integration/Create_Contact_through_Source.php:37]: To: rahul@umstechlab.com -- Headers: 
[01-Dec-2015 11:41:51 Asia/Kolkata] mail() on [/home/iunicorn/public_html/ums_integration/exotelPassthruDuringCall.php:69]: To: rahul@umstechlab.com -- Headers: 
[01-Dec-2015 00:15:12 CST6CDT] mail() on [/home/iunicorn/public_html/ums_integration/Create_Contact_through_Source.php:35]: To: rahul@umstechlab.com -- Headers: 
[01-Dec-2015 00:15:12 CST6CDT] mail() on [/home/iunicorn/public_html/ums_integration/Create_Contact_through_Source.php:37]: To: rahul@umstechlab.com -- Headers: 
[01-Dec-2015 11:45:13 Asia/Kolkata] mail() on [/home/iunicorn/public_html/ums_integration/exotelPassthruDuringCall.php:69]: To: rahul@umstechlab.com -- Headers: 
[01-Dec-2015 00:17:33 CST6CDT] mail() on [/home/iunicorn/public_html/ums_integration/Create_Contact_through_Source.php:35]: To: rahul@umstechlab.com -- Headers: 
[01-Dec-2015 00:17:33 CST6CDT] mail() on [/home/iunicorn/public_html/ums_integration/Create_Contact_through_Source.php:37]: To: rahul@umstechlab.com -- Headers: 
[01-Dec-2015 11:47:34 Asia/Kolkata] mail() on [/home/iunicorn/public_html/ums_integration/exotelPassthruDuringCall.php:69]: To: rahul@umstechlab.com -- Headers: 
[01-Dec-2015 00:29:16 CST6CDT] mail() on [/home/iunicorn/public_html/ums_integration/Create_Contact_through_Source.php:37]: To: rahul@umstechlab.com -- Headers: 
[01-Dec-2015 11:59:17 Asia/Kolkata] mail() on [/home/iunicorn/public_html/ums_integration/exotelPassthruDuringCall.php:69]: To: rahul@umstechlab.com -- Headers: 
[01-Dec-2015 00:30:27 CST6CDT] mail() on [/home/iunicorn/public_html/ums_integration/Create_Contact_through_Source.php:37]: To: rahul@umstechlab.com -- Headers: 
[01-Dec-2015 12:00:30 Asia/Kolkata] mail() on [/home/iunicorn/public_html/ums_integration/exotelPassthruDuringCall.php:69]: To: rahul@umstechlab.com -- Headers: 
[01-Dec-2015 12:01:01 Asia/Kolkata] mail() on [/home/iunicorn/public_html/ums_integration/exotelPassthruDuringCall.php:69]: To: rahul@umstechlab.com -- Headers: 
[01-Dec-2015 01:03:19 CST6CDT] mail() on [/home/iunicorn/public_html/ums_integration/Create_Contact_through_Source.php:35]: To: rahul@umstechlab.com -- Headers: 
[01-Dec-2015 01:03:21 CST6CDT] mail() on [/home/iunicorn/public_html/ums_integration/Create_Contact_through_Source.php:37]: To: rahul@umstechlab.com -- Headers: 
[01-Dec-2015 12:33:22 Asia/Kolkata] mail() on [/home/iunicorn/public_html/ums_integration/exotelPassthruDuringCall.php:69]: To: rahul@umstechlab.com -- Headers: 
[01-Dec-2015 01:05:49 CST6CDT] mail() on [/home/iunicorn/public_html/ums_integration/Create_Contact_through_Source.php:37]: To: rahul@umstechlab.com -- Headers: 
[01-Dec-2015 12:35:50 Asia/Kolkata] mail() on [/home/iunicorn/public_html/ums_integration/exotelPassthruDuringCall.php:69]: To: rahul@umstechlab.com -- Headers: 
[01-Dec-2015 01:18:17 CST6CDT] mail() on [/home/iunicorn/public_html/ums_integration/Create_Contact_through_Source.php:35]: To: rahul@umstechlab.com -- Headers: 
[01-Dec-2015 01:18:17 CST6CDT] mail() on [/home/iunicorn/public_html/ums_integration/Create_Contact_through_Source.php:37]: To: rahul@umstechlab.com -- Headers: 
[01-Dec-2015 12:48:17 Asia/Kolkata] mail() on [/home/iunicorn/public_html/ums_integration/exotelPassthruDuringCall.php:69]: To: rahul@umstechlab.com -- Headers: 
[01-Dec-2015 22:46:41 CST6CDT] mail() on [/home/iunicorn/public_html/ums_integration/Create_Contact_through_Source.php:37]: To: rahul@umstechlab.com -- Headers: 
[02-Dec-2015 10:16:41 Asia/Kolkata] mail() on [/home/iunicorn/public_html/ums_integration/exotelPassthruDuringCall.php:69]: To: rahul@umstechlab.com -- Headers: 
[01-Dec-2015 23:46:06 CST6CDT] mail() on [/home/iunicorn/public_html/ums_integration/Call_Generic_Webservice_for_Calling.php:32]: To: rahul@umstechlab.com -- Headers: 
[02-Dec-2015 00:01:13 CST6CDT] mail() on [/home/iunicorn/public_html/ums_integration/Send_SMS_Notifier.php:29]: To: rahul@umstechlab.com -- Headers: 
[02-Dec-2015 00:01:21 CST6CDT] mail() on [/home/iunicorn/public_html/ums_integration/Send_SMS_Notifier.php:76]: To: rahul@umstechlab.com -- Headers: 
[02-Dec-2015 00:02:48 CST6CDT] mail() on [/home/iunicorn/public_html/ums_integration/Send_SMS_Notifier.php:29]: To: rahul@umstechlab.com -- Headers: 
[02-Dec-2015 00:02:51 CST6CDT] mail() on [/home/iunicorn/public_html/ums_integration/Send_SMS_Notifier.php:51]: To: rahul@umstechlab.com -- Headers: 
[02-Dec-2015 01:06:57 CST6CDT] mail() on [/home/iunicorn/public_html/ums_integration/bulkIVRCall_Contact.php:253]: To: rahul@umstechlab.com -- Headers: 
[02-Dec-2015 01:07:16 CST6CDT] mail() on [/home/iunicorn/public_html/ums_integration/bulkIVRCall_Contact.php:259]: To: rahul@umstechlab.com -- Headers: 
[02-Dec-2015 01:07:35 CST6CDT] mail() on [/home/iunicorn/public_html/ums_integration/BulkIVRResponseStatusCallback.php:18]: To: rahul@umstechlab.com -- Headers: 
[02-Dec-2015 01:07:40 CST6CDT] mail() on [/home/iunicorn/public_html/ums_integration/BulkIVRResponseStatusCallback.php:18]: To: rahul@umstechlab.com -- Headers: 
[02-Dec-2015 01:07:48 CST6CDT] mail() on [/home/iunicorn/public_html/ums_integration/UpdateBulkIVRResponse.php:6]: To: rahul@umstechlab.com -- Headers: 
[02-Dec-2015 01:07:51 CST6CDT] mail() on [/home/iunicorn/public_html/ums_integration/UpdateBulkIVRResponse.php:6]: To: rahul@umstechlab.com -- Headers: 
[02-Dec-2015 01:09:59 CST6CDT] mail() on [/home/iunicorn/public_html/ums_integration/UpdateBulkIVRResponse.php:6]: To: rahul@umstechlab.com -- Headers: 
[02-Dec-2015 01:10:08 CST6CDT] mail() on [/home/iunicorn/public_html/ums_integration/BulkIVRResponseStatusCallback.php:18]: To: rahul@umstechlab.com -- Headers: 
[02-Dec-2015 01:10:10 CST6CDT] mail() on [/home/iunicorn/public_html/ums_integration/UpdateBulkIVRResponse.php:6]: To: rahul@umstechlab.com -- Headers: 
[02-Dec-2015 01:12:29 CST6CDT] mail() on [/home/iunicorn/public_html/ums_integration/Call_Generic_Webservice_for_Calling.php:32]: To: rahul@umstechlab.com -- Headers: 
[03-Dec-2015 01:20:59 CST6CDT] mail() on [/home/iunicorn/public_html/ums_integration/Call_Generic_Webservice_for_Calling.php:32]: To: rahul@umstechlab.com -- Headers: 
[03-Dec-2015 01:21:56 CST6CDT] mail() on [/home/iunicorn/public_html/ums_integration/Call_Generic_Webservice_for_Calling.php:32]: To: rahul@umstechlab.com -- Headers: 
[03-Dec-2015 01:22:13 CST6CDT] mail() on [/home/iunicorn/public_html/ums_integration/Call_Generic_Webservice_for_Calling.php:32]: To: rahul@umstechlab.com -- Headers: 
[03-Dec-2015 01:23:04 CST6CDT] mail() on [/home/iunicorn/public_html/ums_integration/Call_Generic_Webservice_for_Calling.php:32]: To: rahul@umstechlab.com -- Headers: 
[03-Dec-2015 01:23:58 CST6CDT] mail() on [/home/iunicorn/public_html/ums_integration/Call_Generic_Webservice_for_Calling.php:32]: To: rahul@umstechlab.com -- Headers: 
[03-Dec-2015 01:24:01 CST6CDT] mail() on [/home/iunicorn/public_html/ums_integration/Call_Generic_Webservice_for_Calling.php:32]: To: rahul@umstechlab.com -- Headers: 
[03-Dec-2015 01:24:19 CST6CDT] mail() on [/home/iunicorn/public_html/ums_integration/Call_Generic_Webservice_for_Calling.php:32]: To: rahul@umstechlab.com -- Headers: 
[03-Dec-2015 01:25:08 CST6CDT] mail() on [/home/iunicorn/public_html/ums_integration/Call_Generic_Webservice_for_Calling.php:32]: To: rahul@umstechlab.com -- Headers: 
[03-Dec-2015 01:25:41 CST6CDT] mail() on [/home/iunicorn/public_html/ums_integration/Call_Generic_Webservice_for_Calling.php:32]: To: rahul@umstechlab.com -- Headers: 
[03-Dec-2015 06:35:46 CST6CDT] mail() on [/home/iunicorn/public_html/ums_integration/Call_Generic_Webservice_for_Calling.php:32]: To: rahul@umstechlab.com -- Headers: 
[03-Dec-2015 06:36:09 CST6CDT] mail() on [/home/iunicorn/public_html/ums_integration/update_call_history.php:47]: To: rahul@umstechlab.com -- Headers: 
[03-Dec-2015 06:51:07 CST6CDT] mail() on [/home/iunicorn/public_html/ums_integration/Call_Generic_Webservice_for_Calling.php:32]: To: rahul@umstechlab.com -- Headers: 
[03-Dec-2015 06:51:37 CST6CDT] mail() on [/home/iunicorn/public_html/ums_integration/update_call_history.php:47]: To: rahul@umstechlab.com -- Headers: 
[03-Dec-2015 06:57:12 CST6CDT] mail() on [/home/iunicorn/public_html/ums_integration/Call_Generic_Webservice_for_Calling.php:32]: To: rahul@umstechlab.com -- Headers: 
[03-Dec-2015 06:57:49 CST6CDT] mail() on [/home/iunicorn/public_html/ums_integration/update_call_history.php:50]: To: rahul@umstechlab.com -- Headers: 
[03-Dec-2015 06:58:55 CST6CDT] mail() on [/home/iunicorn/public_html/ums_integration/Call_Generic_Webservice_for_Calling.php:32]: To: rahul@umstechlab.com -- Headers: 
[03-Dec-2015 06:59:17 CST6CDT] mail() on [/home/iunicorn/public_html/ums_integration/update_call_history.php:50]: To: rahul@umstechlab.com -- Headers: 
[03-Dec-2015 18:29:18 Asia/Kolkata] mail() on [/home/iunicorn/public_html/ums_integration/update_call_history.php:59]: To: rahul@umstechlab.com -- Headers: 
[04-Dec-2015 00:00:41 CST6CDT] mail() on [/home/iunicorn/public_html/ums_integration/Create_Contact_through_Source.php:37]: To: rahul@umstechlab.com -- Headers: 
[04-Dec-2015 11:30:42 Asia/Kolkata] mail() on [/home/iunicorn/public_html/ums_integration/exotelPassthruDuringCall.php:69]: To: rahul@umstechlab.com -- Headers: 
[04-Dec-2015 00:09:57 CST6CDT] mail() on [/home/iunicorn/public_html/ums_integration/Create_Contact_through_Source.php:37]: To: rahul@umstechlab.com -- Headers: 
[04-Dec-2015 11:39:58 Asia/Kolkata] mail() on [/home/iunicorn/public_html/ums_integration/exotelPassthruDuringCall.php:69]: To: rahul@umstechlab.com -- Headers: 
[04-Dec-2015 00:21:32 CST6CDT] mail() on [/home/iunicorn/public_html/ums_integration/Call_Generic_Webservice_for_Calling.php:32]: To: rahul@umstechlab.com -- Headers: 
[04-Dec-2015 00:31:22 CST6CDT] mail() on [/home/iunicorn/public_html/ums_integration/BulkIVRResponseStatusCallback.php:18]: To: rahul@umstechlab.com -- Headers: 
[04-Dec-2015 00:34:48 CST6CDT] mail() on [/home/iunicorn/public_html/ums_integration/UpdateBulkIVRResponse.php:6]: To: rahul@umstechlab.com -- Headers: 
[04-Dec-2015 00:35:16 CST6CDT] mail() on [/home/iunicorn/public_html/ums_integration/BulkIVRResponseStatusCallback.php:18]: To: rahul@umstechlab.com -- Headers: 
[04-Dec-2015 00:36:23 CST6CDT] mail() on [/home/iunicorn/public_html/ums_integration/UpdateBulkIVRResponse.php:6]: To: rahul@umstechlab.com -- Headers: 
[04-Dec-2015 00:38:51 CST6CDT] mail() on [/home/iunicorn/public_html/ums_integration/UpdateBulkIVRResponse.php:6]: To: rahul@umstechlab.com -- Headers: 
[04-Dec-2015 00:38:51 CST6CDT] mail() on [/home/iunicorn/public_html/ums_integration/UpdateBulkIVRResponse.php:6]: To: rahul@umstechlab.com -- Headers: 
[04-Dec-2015 00:40:53 CST6CDT] mail() on [/home/iunicorn/public_html/ums_integration/Send_SMS_Notifier.php:29]: To: rahul@umstechlab.com -- Headers: 
[04-Dec-2015 00:40:55 CST6CDT] mail() on [/home/iunicorn/public_html/ums_integration/Send_SMS_Notifier.php:51]: To: rahul@umstechlab.com -- Headers: 
[04-Dec-2015 00:42:06 CST6CDT] mail() on [/home/iunicorn/public_html/ums_integration/Send_SMS_Notifier.php:29]: To: rahul@umstechlab.com -- Headers: 
[04-Dec-2015 00:42:12 CST6CDT] mail() on [/home/iunicorn/public_html/ums_integration/Send_SMS_Notifier.php:51]: To: rahul@umstechlab.com -- Headers: 
[04-Dec-2015 00:45:50 CST6CDT] mail() on [/home/iunicorn/public_html/ums_integration/Send_SMS_Notifier.php:29]: To: rahul@umstechlab.com -- Headers: 
[04-Dec-2015 00:45:52 CST6CDT] mail() on [/home/iunicorn/public_html/ums_integration/Send_SMS_Notifier.php:51]: To: rahul@umstechlab.com -- Headers: 
[04-Dec-2015 00:49:20 CST6CDT] mail() on [/home/iunicorn/public_html/ums_integration/Send_SMS_Notifier.php:29]: To: rahul@umstechlab.com -- Headers: 
[04-Dec-2015 00:49:26 CST6CDT] mail() on [/home/iunicorn/public_html/ums_integration/Send_SMS_Notifier.php:51]: To: rahul@umstechlab.com -- Headers: 
[04-Dec-2015 00:50:25 CST6CDT] mail() on [/home/iunicorn/public_html/ums_integration/Call_Generic_Webservice_for_Calling.php:32]: To: rahul@umstechlab.com -- Headers: 
[04-Dec-2015 01:08:50 CST6CDT] mail() on [/home/iunicorn/public_html/ums_integration/Create_Contact_through_Source.php:35]: To: rahul@umstechlab.com -- Headers: 
[04-Dec-2015 01:08:50 CST6CDT] mail() on [/home/iunicorn/public_html/ums_integration/Create_Contact_through_Source.php:37]: To: rahul@umstechlab.com -- Headers: 
[04-Dec-2015 12:38:51 Asia/Kolkata] mail() on [/home/iunicorn/public_html/ums_integration/exotelPassthruDuringCall.php:69]: To: rahul@umstechlab.com -- Headers: 
[04-Dec-2015 01:12:13 CST6CDT] mail() on [/home/iunicorn/public_html/ums_integration/Create_Contact_through_Source.php:37]: To: rahul@umstechlab.com -- Headers: 
[04-Dec-2015 12:42:14 Asia/Kolkata] mail() on [/home/iunicorn/public_html/ums_integration/exotelPassthruDuringCall.php:69]: To: rahul@umstechlab.com -- Headers: 
